<?xml version="1.0" encoding="UTF-8"?>
<!-- Generated by org.testng.reporters.JUnitReportReporter -->
<testsuite hostname="BLR135CG1158RM3" failures="0" tests="1" name="testcases.LoginTest" time="23.808" errors="0" timestamp="08 May 2023 13:51:11 GMT" skipped="0">
  <testcase classname="testcases.LoginTest" name="test5" time="23.808"/>
</testsuite> <!-- testcases.LoginTest -->
