<?xml version="1.0" encoding="UTF-8"?>
<!-- Generated by org.testng.reporters.JUnitReportReporter -->
<testsuite hostname="BLR135CG1158RM3" failures="0" tests="1" name="testcases.Homepage" time="0.002" errors="0" timestamp="08 May 2023 12:11:17 GMT" skipped="0">
  <testcase classname="testcases.Homepage" name="test3" time="0.002"/>
</testsuite> <!-- testcases.Homepage -->
